activecomp {
  name: "Training_View"
  width: 720
  height: 200
  defaultcameradistance: 1000
  layer {
    name: "Light Gray Solid 5"
    id: 258209
    sourceid: 258221
    transform {
      anchorPoint {
        x: 360
        y: 100
        z: 0
      }
      scale {
        x: 1
        y: 1
        z: 1
      }
      position {
        x: 360
        y: 100
        z: 0
      }
      orientation {
        x: 0
        y: 0
        z: 0
      }
      rotationX: 0
      rotationY: 0
      rotationZ: 0
      opacity: 1
    }
    acceptsshadows: true
    acceptslights: true
    castsshadows: false
  }
  layer {
    name: "Text"
    id: 258210
    sourceid: -1
    transform {
      anchorPoint {
        x: 0
        y: 0
        z: 0
      }
      scale {
        x: 1
        y: 1
        z: 1
      }
      position {
        x: 359.26419
        y: 113.08801
        z: 0
      }
      orientation {
        x: 0
        y: 0
        z: 0
      }
      rotationX: 0
      rotationY: 0
      rotationZ: 0
      opacity: 1
    }
    acceptsshadows: true
    acceptslights: true
    castsshadows: false
    textinfo {
      justification: AE_TEXT_CENTER
      fontSize: 36
      fontColor {
        alpha: 1
        red: 0.94510000944137573
        green: 0.94510000944137573
        blue: 0.94510000944137573
      }
      fontName: "Montserrat-Medium"
      isPointText: true
      isLabel: true
      text: "TextRef"
      multiline: false
      isAllCaps: false
    }
  }
  bgcolor {
    alpha: 1
    red: 0
    green: 0
    blue: 0
  }
}
sources {
  uid: 258221
  srctype: AE_SOLID_SRC
  color {
    alpha: 1
    red: 0.0313725508749485
    green: 0.019607843831181526
    blue: 0.043137256056070328
  }
  width: 720
  height: 200
  copy_source: false
}
sources {
  uid: 2
  srctype: AE_FONT_SRC
  name: "Montserrat-Medium"
  copy_source: true
  file_name: "yi_Montserrat-Medium.otf"
  style_name: "Medium"
}
