activecomp {
  name: "Training_Btn-Medium-Container"
  width: 270
  height: 405
  defaultcameradistance: 375
  layer {
    name: "Btn-Medium"
    id: 221
    sourceid: 23
    transform {
      anchorPoint {
        x: 135
        y: 202.5
        z: 0
      }
      scale {
        x: 1
        y: 1
        z: 1
      }
      position {
        x: 135
        y: 202.5
        z: 0
      }
      orientation {
        x: 0
        y: 0
        z: 0
      }
      rotationX: 0
      rotationY: 0
      rotationZ: 0
      opacity: 1
    }
    acceptsshadows: true
    acceptslights: true
    castsshadows: false
  }
  bgcolor {
    alpha: 1
    red: 0
    green: 0
    blue: 0
  }
  childtemplates: "Training_Btn-Medium"
}
sources {
  uid: 23
  srctype: AE_COMP_SRC
  name: "Training_Btn-Medium.layout"
  width: 270
  height: 405
  copy_source: true
}
