tracks {
  binding: IS_VISIBLE
  targetid: 1
  targetname: "Background"
  keytimes {
    datatype: AE_INT_DATA
    timeOffset: 0
    inttype: AE_INTERP_HOLD
    ivalue1: 1
  }
}
tracks {
  binding: IS_VISIBLE
  targetid: 2
  targetname: "Overlay"
  keytimes {
    datatype: AE_INT_DATA
    timeOffset: 0
    inttype: AE_INTERP_HOLD
    ivalue1: 1
  }
}
tracks {
  binding: IS_VISIBLE
  targetid: 3
  targetname: "Info"
  keytimes {
    datatype: AE_INT_DATA
    timeOffset: 0
    inttype: AE_INTERP_HOLD
    ivalue1: 1
  }
}
markers {
  starttime: 1
  duration: 0.5
  name: "Out"
  alltracks: false
  looping: false
}
markers {
  starttime: 2
  duration: 0.5
  name: "In"
  alltracks: false
  looping: false
}
