tracks {
  binding: IS_VISIBLE
  targetid: 258444
  targetname: "Background"
  keytimes {
    datatype: AE_INT_DATA
    timeOffset: 0
    inttype: AE_INTERP_HOLD
    ivalue1: 1
  }
}
tracks {
  binding: IS_VISIBLE
  targetid: 258445
  targetname: "Overlay"
  keytimes {
    datatype: AE_INT_DATA
    timeOffset: 0
    inttype: AE_INTERP_HOLD
    ivalue1: 1
  }
}
tracks {
  binding: IS_VISIBLE
  targetid: 258446
  targetname: "List-Large"
  keytimes {
    datatype: AE_INT_DATA
    timeOffset: 0
    inttype: AE_INTERP_HOLD
    ivalue1: 1
  }
}
markers {
  starttime: 1
  duration: 0.5
  name: "Out"
  alltracks: false
  looping: false
}
markers {
  starttime: 2
  duration: 0.5
  name: "In"
  alltracks: false
  looping: false
}
